d:\uni projects\c++ programming\projects\cgraphicsproject2019\release\cgraphicsproject2019.ipdb
d:\uni projects\c++ programming\projects\cgraphicsproject2019\release\cgraphicsproject2019.iobj
d:\uni projects\c++ programming\projects\cgraphicsproject2019\cgraphicsproject2019\release\vc141.pdb
d:\uni projects\c++ programming\projects\cgraphicsproject2019\cgraphicsproject2019\release\tower.obj
d:\uni projects\c++ programming\projects\cgraphicsproject2019\cgraphicsproject2019\release\tools.obj
d:\uni projects\c++ programming\projects\cgraphicsproject2019\cgraphicsproject2019\release\texturemanager.obj
d:\uni projects\c++ programming\projects\cgraphicsproject2019\cgraphicsproject2019\release\spotlightnode.obj
d:\uni projects\c++ programming\projects\cgraphicsproject2019\cgraphicsproject2019\release\sphereintersection.obj
d:\uni projects\c++ programming\projects\cgraphicsproject2019\cgraphicsproject2019\release\shaderprogram.obj
d:\uni projects\c++ programming\projects\cgraphicsproject2019\cgraphicsproject2019\release\renderer.obj
d:\uni projects\c++ programming\projects\cgraphicsproject2019\cgraphicsproject2019\release\pirate.obj
d:\uni projects\c++ programming\projects\cgraphicsproject2019\cgraphicsproject2019\release\particlesystem.obj
d:\uni projects\c++ programming\projects\cgraphicsproject2019\cgraphicsproject2019\release\objloader.obj
d:\uni projects\c++ programming\projects\cgraphicsproject2019\cgraphicsproject2019\release\level.obj
d:\uni projects\c++ programming\projects\cgraphicsproject2019\cgraphicsproject2019\release\geometrynode.obj
d:\uni projects\c++ programming\projects\cgraphicsproject2019\cgraphicsproject2019\release\geometricmesh.obj
d:\uni projects\c++ programming\projects\cgraphicsproject2019\cgraphicsproject2019\release\driver.obj
d:\uni projects\c++ programming\projects\cgraphicsproject2019\cgraphicsproject2019\release\chest.obj
d:\uni projects\c++ programming\projects\cgraphicsproject2019\cgraphicsproject2019\release\cannonball.obj
d:\uni projects\c++ programming\projects\cgraphicsproject2019\release\cgraphicsproject2019.exe
d:\uni projects\c++ programming\projects\cgraphicsproject2019\release\cgraphicsproject2019.pdb
d:\uni projects\c++ programming\projects\cgraphicsproject2019\cgraphicsproject2019\release\cgraphic.d26ff50d.tlog\cgraphicsproject2019.write.1u.tlog
d:\uni projects\c++ programming\projects\cgraphicsproject2019\cgraphicsproject2019\release\cgraphic.d26ff50d.tlog\cl.command.1.tlog
d:\uni projects\c++ programming\projects\cgraphicsproject2019\cgraphicsproject2019\release\cgraphic.d26ff50d.tlog\cl.read.1.tlog
d:\uni projects\c++ programming\projects\cgraphicsproject2019\cgraphicsproject2019\release\cgraphic.d26ff50d.tlog\cl.write.1.tlog
d:\uni projects\c++ programming\projects\cgraphicsproject2019\cgraphicsproject2019\release\cgraphic.d26ff50d.tlog\link.command.1.tlog
d:\uni projects\c++ programming\projects\cgraphicsproject2019\cgraphicsproject2019\release\cgraphic.d26ff50d.tlog\link.read.1.tlog
d:\uni projects\c++ programming\projects\cgraphicsproject2019\cgraphicsproject2019\release\cgraphic.d26ff50d.tlog\link.write.1.tlog
