  Renderer.cpp
C:\Users\Spanakopitas\Desktop\CGraphicsProject2019\CGraphicsProject2019\Renderer.cpp(77,24): warning C4156: deletion of an array expression without using the array form of 'delete'; array form substituted
C:\Users\Spanakopitas\Desktop\CGraphicsProject2019\CGraphicsProject2019\Renderer.cpp(77,24): warning C4154: deletion of an array expression; conversion to pointer supplied
C:\Users\Spanakopitas\Desktop\CGraphicsProject2019\CGraphicsProject2019\Renderer.cpp(227,32): warning C4018: '<=': signed/unsigned mismatch
C:\Users\Spanakopitas\Desktop\CGraphicsProject2019\CGraphicsProject2019\Renderer.cpp(352,20): warning C4018: '<': signed/unsigned mismatch
C:\Users\Spanakopitas\Desktop\CGraphicsProject2019\CGraphicsProject2019\Renderer.cpp(654,20): warning C4138: '*/' found outside of comment
C:\Users\Spanakopitas\Desktop\CGraphicsProject2019\CGraphicsProject2019\Renderer.cpp(1112,20): warning C4018: '<': signed/unsigned mismatch
C:\Users\Spanakopitas\Desktop\CGraphicsProject2019\CGraphicsProject2019\Renderer.cpp(1131,20): warning C4018: '<': signed/unsigned mismatch
C:\Users\Spanakopitas\Desktop\CGraphicsProject2019\CGraphicsProject2019\Renderer.cpp(1607,25): warning C4244: '=': conversion from 'int' to 'T', possible loss of data
          with
          [
              T=float
          ]
C:\Users\Spanakopitas\Desktop\CGraphicsProject2019\CGraphicsProject2019\Renderer.cpp(1611,25): warning C4244: '=': conversion from 'int' to 'T', possible loss of data
          with
          [
              T=float
          ]
C:\Users\Spanakopitas\Desktop\CGraphicsProject2019\CGraphicsProject2019\Renderer.cpp(1616,25): warning C4244: '=': conversion from 'int' to 'T', possible loss of data
          with
          [
              T=float
          ]
C:\Users\Spanakopitas\Desktop\CGraphicsProject2019\CGraphicsProject2019\Renderer.cpp(1620,25): warning C4244: '=': conversion from 'int' to 'T', possible loss of data
          with
          [
              T=float
          ]
  Generating code
  4 of 1770 functions ( 0.2%) were compiled, the rest were copied from previous compilation.
    2 functions were new in current compilation
    5 functions had inline decision re-evaluated but remain unchanged
  Finished generating code
  CGraphicsProject2019.vcxproj -> C:\Users\Spanakopitas\Desktop\CGraphicsProject2019\Release\CGraphicsProject2019.exe
